<?xml version="1.0" encoding="UTF-8"?>
<Site BuildName="Win32-ninja"
	BuildStamp="20221019-2125-Experimental"
	Name="DESKTOP-PV90UH0"
	Generator="ctest-3.23.2"
	CompilerName="C:/msys64/mingw64/bin/g++.exe"
	CompilerVersion="12.1.0"
	OSName="Windows"
	Hostname="DESKTOP-PV90UH0"
	OSRelease=" Professional"
	OSVersion=" (Build 22621)"
	OSPlatform="AMD64"
	Is64Bits="1"
	VendorString=""
	VendorID="Unknown Manufacturer"
	FamilyID="0"
	ModelID="0"
	ProcessorCacheSize="0"
	NumberOfLogicalCPU="8"
	NumberOfPhysicalCPU="4"
	TotalVirtualMemory="23387"
	TotalPhysicalMemory="16167"
	LogicalProcessorsPerPhysical="2"
	ProcessorClockFrequency="2419"
	>
	<Testing>
		<StartDateTime>Oct 19 23:25 K[NON-UTF-8-BYTE-0xF6]z[NON-UTF-8-BYTE-0xE9]p-eur[NON-UTF-8-BYTE-0xF3]pai ny[NON-UTF-8-BYTE-0xE1]ri id[NON-UTF-8-BYTE-0xF5]</StartDateTime>
		<StartTestTime>1666214705</StartTestTime>
		<TestList/>
		<EndDateTime>Oct 19 23:25 K[NON-UTF-8-BYTE-0xF6]z[NON-UTF-8-BYTE-0xE9]p-eur[NON-UTF-8-BYTE-0xF3]pai ny[NON-UTF-8-BYTE-0xE1]ri id[NON-UTF-8-BYTE-0xF5]</EndDateTime>
		<EndTestTime>1666214705</EndTestTime>
		<ElapsedMinutes>0</ElapsedMinutes>
	</Testing>
</Site>
